0 info it worked if it ends with ok
1 verbose cli [ 'node', '/usr/local/bin/npm', 'install' ]
2 info using npm@1.4.28
3 info using node@v0.10.36
4 warn package.json event-roulette@0.0.0 No repository field.
5 warn package.json event-roulette@0.0.0 No README data
6 verbose readDependencies using package.json deps
7 verbose install where, deps [ '/Users/danielleavitt/Repositories/event-roulette',
7 verbose install   [ 'angular',
7 verbose install     'angular-material',
7 verbose install     'body-parser',
7 verbose install     'express',
7 verbose install     'method-override',
7 verbose install     'mongoose',
7 verbose install     'morgan',
7 verbose install     'request' ] ]
8 info preinstall event-roulette@0.0.0
9 warn package.json compress@0.99.0 No repository field.
10 verbose readDependencies using package.json deps
11 verbose already installed skipping mongoose@~3.6.2 /Users/danielleavitt/Repositories/event-roulette
12 verbose already installed skipping morgan@~1.2.2 /Users/danielleavitt/Repositories/event-roulette
13 verbose already installed skipping request@^2.53.0 /Users/danielleavitt/Repositories/event-roulette
14 verbose already installed skipping angular@^1.3.15 /Users/danielleavitt/Repositories/event-roulette
15 verbose cache add [ 'angular-material@@0.8.3', null ]
16 verbose cache add name=undefined spec="angular-material@@0.8.3" args=["angular-material@@0.8.3",null]
17 verbose parsed url { protocol: null,
17 verbose parsed url   slashes: null,
17 verbose parsed url   auth: null,
17 verbose parsed url   host: null,
17 verbose parsed url   port: null,
17 verbose parsed url   hostname: null,
17 verbose parsed url   hash: null,
17 verbose parsed url   search: null,
17 verbose parsed url   query: null,
17 verbose parsed url   pathname: 'angular-material@@0.8.3',
17 verbose parsed url   path: 'angular-material@@0.8.3',
17 verbose parsed url   href: 'angular-material@@0.8.3' }
18 verbose already installed skipping body-parser@~1.5.2 /Users/danielleavitt/Repositories/event-roulette
19 verbose already installed skipping express@~4.7.2 /Users/danielleavitt/Repositories/event-roulette
20 verbose cache add name="angular-material" spec="@0.8.3" args=["angular-material","@0.8.3"]
21 verbose parsed url { protocol: null,
21 verbose parsed url   slashes: null,
21 verbose parsed url   auth: null,
21 verbose parsed url   host: null,
21 verbose parsed url   port: null,
21 verbose parsed url   hostname: null,
21 verbose parsed url   hash: null,
21 verbose parsed url   search: null,
21 verbose parsed url   query: null,
21 verbose parsed url   pathname: '@0.8.3',
21 verbose parsed url   path: '@0.8.3',
21 verbose parsed url   href: '@0.8.3' }
22 verbose addNamed [ 'angular-material', '@0.8.3' ]
23 verbose addNamed [ null, null ]
24 verbose already installed skipping method-override@~2.1.2 /Users/danielleavitt/Repositories/event-roulette
25 silly lockFile c6fd4b29-angular-material-0-8-3 angular-material@@0.8.3
26 verbose lock angular-material@@0.8.3 /Users/danielleavitt/.npm/c6fd4b29-angular-material-0-8-3.lock
27 info addNameTag [ 'angular-material', '@0.8.3' ]
28 verbose request where is /angular-material
29 verbose request registry https://registry.npmjs.org/
30 verbose request id ee7a6f38572016fb
31 verbose url raw /angular-material
32 verbose url resolving [ 'https://registry.npmjs.org/', './angular-material' ]
33 verbose url resolved https://registry.npmjs.org/angular-material
34 verbose request where is https://registry.npmjs.org/angular-material
35 info trying registry request attempt 1 at 17:42:03
36 verbose etag "44B6BHXU9D97OPO39ZGWRY65X"
37 http GET https://registry.npmjs.org/angular-material
38 http 304 https://registry.npmjs.org/angular-material
39 silly registry.get cb [ 304,
39 silly registry.get   { date: 'Fri, 08 May 2015 00:42:04 GMT',
39 silly registry.get     via: '1.1 varnish',
39 silly registry.get     'last-modified': 'Fri, 08 May 2015 00:42:04 GMT',
39 silly registry.get     'cache-control': 'max-age=60',
39 silly registry.get     etag: '"44B6BHXU9D97OPO39ZGWRY65X"',
39 silly registry.get     age: '0',
39 silly registry.get     connection: 'keep-alive',
39 silly registry.get     'x-served-by': 'cache-lax1422-LAX',
39 silly registry.get     'x-cache': 'HIT',
39 silly registry.get     'x-cache-hits': '1',
39 silly registry.get     'x-timer': 'S1431045724.117345,VS0,VE44',
39 silly registry.get     vary: 'Accept' } ]
40 verbose etag https://registry.npmjs.org/angular-material from cache
41 silly lockFile c6fd4b29-angular-material-0-8-3 angular-material@@0.8.3
42 silly lockFile c6fd4b29-angular-material-0-8-3 angular-material@@0.8.3
43 error notarget No compatible version found: angular-material@'@0.8.3'
43 error notarget Valid install targets:
43 error notarget ["0.7.1","0.8.0","0.8.1","0.8.2","0.8.3","0.9.2"]
43 error notarget
43 error notarget This is most likely not a problem with npm itself.
43 error notarget In most cases you or one of your dependencies are requesting
43 error notarget a package version that doesn't exist.
44 error System Darwin 14.3.0
45 error command "node" "/usr/local/bin/npm" "install"
46 error cwd /Users/danielleavitt/Repositories/event-roulette
47 error node -v v0.10.36
48 error npm -v 1.4.28
49 error code ETARGET
50 verbose exit [ 1, true ]
